"1.8 Ensure updates, patches, and additional security software are installed" : [WARNING]
Periodically patches are released for included software either due to security flaws or to include additional functionality.

Rationale:

Newer patches may contain security enhancements that would not be available through the latest full update. 
As a result, it is recommended that the latest software patches be used to take advantage of the latest functionality. 
As with any software installation, organizations need to determine if a given update meets their requirements and verify the compatibility and supportability of
 any additional software against the update revision that is selected.

Remote value: 

The command '/usr/bin/yum check-update --security' returned : 

Loaded plugins: enabled_repos_upload, fastestmirror, package_upload, product-id,
              : search-disabled-repos, subscription-manager, tracer_upload
Loading mirror speeds from cached hostfile
 --> mesa-libOSMesa-18.3.4-5.el7.x86_64 from PwC_CentOS_7_Base excluded (updateinfo)
 --> 6:kdemultimedia-libs-4.10.5-2.el7.noarch from PwC_CentOS_7_Base excluded (updateinfo)
 --> pixman-devel-0.34.0-1.el7.x86_64 from PwC_CentOS_7_Base excluded (updateinfo)
 --> dlm-lib-4.0.7-1.el7.i686 from PwC_CentOS_7_Base excluded (updateinfo)
 --> hplip-common-3.15.9-3.el7.x86_64 from PwC_CentOS_7_Base excluded (updateinfo)
 --> gcr-3.28.0-1.el7.i686 from PwC_CentOS_7_Base excluded (updateinfo)
 --> automake-1.13.4-3.el7.noarch from PwC_CentOS_7_Base excluded (updateinfo)
 --> libwacom-0.30-1.el7.i686 from PwC_CentOS_7_Base excluded (updateinfo)
 --> libXxf86dga-1.1.4-2.1.el7.x86_64 from PwC_CentOS_7_Base excluded (updateinfo)
 --> plexus-bsh-factory-1.0-0.14.a7.el7.noarch from PwC_CentOS_7_Base excluded (updateinfo)
 --> maven-release-javadoc-2.2.1-12.el7.noarch from PwC_CentOS_7_Base excluded (updateinfo)
 --> mpg123-plugins-pulseaudio-1.25.6-1.el7.x86_64 from PwC_CentOS_7_Base excluded (updateinfo)
 --> ncurses-devel-5.9-14.20130511.el7_4.x86_64 from PwC_CentOS_7_Base excluded (updateinfo)
 --> docbook-utils-pdf-0.6.14-36.el7.noarch from PwC_CentOS_7_Base excluded (updateinfo)
 --> xalan-j2-manual-2.7.1-23.el7.noarch from PwC_CentOS_7_Base excluded (updateinfo)
 --> libverto-0.2.5-4.el7.i686 from PwC_CentOS_7_Base excluded (updateinfo)
 --> maven-plugin-testing-2.1-11.el7.noarch from PwC_CentOS_7_Base excluded (updateinfo)
 --> maven-antrun-plugin-1.7-8.el7.noarch from PwC_CentOS_7_Base excluded (updateinfo)
 --> hunspell-1.3.2-15.el7.i686 from PwC_CentOS_7_Base excluded (updateinfo)
 --> qv4l2-0.9.5-4.el7.x86_64 from PwC_CentOS_7_Base excluded (updateinfo)
 --> libstaroffice-doc-0.0.4-1.el7.noarch from PwC_CentOS_7_Base excluded (updateinfo)
 --> 2:texlive-rsfs-svn15878.0-43.el7.noarch from PwC_CentOS_7_Base excluded (updateinfo)
 --> dapl-2.1.5-2.el7.i686 from PwC_CentOS_7_Base excluded (updateinfo)
 --> atinject-tck-1-13.20100611svn86.el7.noarch from PwC_CentOS_7_Base excluded (updateinfo)
 --> libdbi-dbd-pgsql-0.8.3-16.el7.x86_64 from PwC_CentOS_7_Base excluded (updateinfo)
 --> ORBit2-devel-2.14.19-13.el7.i686 from PwC_CentOS_7_Base excluded (updateinfo)
 --> libpagemaker-doc-0.0.3-1.el7.noarch from PwC_CentOS_7_Base excluded (updateinfo)
 --> smc-suruma-fonts-6.0-7.el7.noarch from PwC_CentOS_7_Base excluded (updateinfo)
 --> libbonobo-devel-2.32.1-7.el7.x86_64 from PwC_CentOS_7_Base excluded (updateinfo)
 --> kacst-qurn-fonts-2.0-12.el7.noarch from PwC_CentOS_7_Base excluded (updateinfo)
 --> libsrtp-devel-1.4.4-10.20101004cvs.el7.i686 from PwC_CentOS_7_Base excluded (updateinfo)
 --> hplip-common-3.15.9-3.el7.i686 from PwC_CentOS_7_Base excluded (updateinfo)
 --> 2:texlive-charter-doc-svn15878.0-43.el7.noarch from PwC_CentOS_7_Base excluded (updateinfo)
 --> kcm-gtk-0.5.3-14.el7.x86_64 from PwC_CentOS_7_Base excluded (updateinfo)
 --> libiec61883-utils-1.2.0-10.el7.x86_64 from PwC_CentOS_7_Base excluded (updateinfo)
 --> libee-0.4.1-6.el7.x86_64 from PwC_CentOS_7_Base excluded (updateinfo)
 --> 2:texlive-hyph-utf8-doc-svn29641.0-43.el7.noarch from PwC_CentOS_7_Base excluded (updateinfo)
 --> google-noto-sans-vai-fonts-20141117-5.el7.noarch from PwC_CentOS_7_Base excluded (updateinfo)
 --> gimp-help-sl-2.8.2-1.el7.noarch from PwC_CentOS_7_Base excluded (updateinfo)
 --> subversion-kde-1.7.14-14.el7.i686 from PwC_CentOS_7_Base excluded (updateinfo)
 --> glassfish-jaxb-javadoc-2.2.5-6.el7.noarch from PwC_CentOS_7_Base excluded (updateinfo)
 --> mpich-3.2-doc-3.2-2.el7.noarch from PwC_CentOS_7_Base excluded (updateinfo)
 --> maven-war-plugin-2.3-9.el7.noarch from PwC_CentOS_7_Base excluded (updateinfo)
 --> MySQL-python-1.2.5-1.el7.x86_64 from PwC_CentOS_7_Base excluded (updateinfo)
 --> perl-Exporter-5.68-3.el7.noarch from PwC_CentOS_7_Base excluded (updateinfo)
 --> OpenIPMI-2.0.27-1.el7.i686 from PwC_CentOS_7_Base excluded (updateinfo)
 --> plasma-scriptengine-ruby-4.11.19-13.el7.x86_64 from PwC_CentOS_7_Base excluded (updateinfo)
 --> rubygem-rdoc-4.0.0-36.el7.noarch from PwC_CentOS_7_Base excluded (updateinfo)
 --> 1:perl-IO-Zlib-1.10-294.el7_6.noarch from PwC_CentOS_7_Base excluded (updateinfo)
 --> libcom_err-devel-1.42.9-16.el7.x86_64 from PwC_CentOS_7_Base excluded (updateinfo)
 --> libdb-devel-static-5.3.21-25.el7.i686 from PwC_CentOS_7_Base excluded (updateinfo)
 --> 1:libreoffice-ure-common-5.3.6.1-21.el7.noarch from PwC_CentOS_7_Base excluded (updateinfo)
 --> llvm-private-7.0.1-1.el7.x86_64 from PwC_CentOS_7_Base excluded (updateinfo)
 --> python2-keycloak-httpd-client-install-0.8-1.el7.noarch from PwC_CentOS_7_Base excluded (updateinfo)
 --> poppler-utils-0.26.5-38.el7.x86_64 from PwC_CentOS_7_Base excluded (updateinfo)
 --> audit-libs-devel-2.8.5-4.el7.x86_64 from PwC_CentOS_7_Base excluded (updateinfo)
 --> ustr-debug-static-1.0.4-16.el7.x86_64 from PwC_CentOS_7_Base excluded (updateinfo)
 --> perl-gettext-1.05-28.el7.x86_64 from PwC_CentOS_7_Base excluded (updateinfo)
 --> pcp-pmda-weblog-4.3.2-2.el7.x86_64 from PwC_CentOS_7_Base excluded (updateinfo)
 --> qt5-qtdeclarative-5.9.7-1.el7.x86_64 from PwC_CentOS_7_Base excluded (updateinfo)
 --> meanwhile-1.1.0-12.el7.i686 from PwC_CentOS_7_Base excluded (updateinfo)
 --> 2:texlive-collection-htmlxml-svn28251.0-43.20130427_r30134.el7.noarch from PwC_CentOS_7_Base excluded (updateinfo)
 --> festival-docs-1.4.2-28.el7.noarch from PwC_CentOS_7_Base excluded (updateinfo)
 --> python-pillow-sane-2.0.0-19.gitd1c6db8.el7.x86_64 from PwC_CentOS_7_Base excluded (updateinfo)
 --> hunspell-pt-0.20130125-2.el7.noarch from PwC_CentOS_7_Base excluded (updateinfo)
 --> ocaml-compiler-libs-4.05.0-6.el7.x86_64 from PwC_CentOS_7_Base excluded (updateinfo)
 --> libotf-0.9.13-4.el7.x86_64 from PwC_CentOS_7_Base excluded (updateinfo)
 --> unbound-libs-1.6.6-1.el7.x86_64 from PwC_CentOS_7_Base excluded (updateinfo)
 --> libmtp-1.1.14-1.el7.i686 from PwC_CentOS_7_Base excluded (updateinfo)
 --> ibus-devel-1.5.17-5.el7.x86_64 from PwC_CentOS_7_Base excluded (updateinfo)
 --> mesa-vdpau-drivers-18.3.4-5.el7.i686 from PwC_CentOS_7_Base excluded (updateinfo)
 --> hunspell-tl-0.20050109-9.el7.noarch from PwC_CentOS_7_Base excluded (updateinfo)
 --> libpurple-2.10.11-8.el7.i686 from PwC_CentOS_7_Base excluded (updateinfo)
 --> openscap-extra-probes-1.2.17-4.el7.x86_64 from PwC_CentOS_7_Base excluded (updateinfo)
 --> qt5-qtbase-odbc-5.9.7-2.el7.i686 from PwC_CentOS_7_Base excluded (updateinfo)
 --> libibverbs-22.1-3.el7.x86_64 from PwC_CentOS_7_Base excluded (updateinfo)
 --> libldb-devel-1.4.2-1.el7.x86_64 from PwC_CentOS_7_Base excluded (updateinfo)
 --> xmlto-0.0.25-7.el7.x86_64 from PwC_CentOS_7_Base excluded (updateinfo)
 --> anaconda-widgets-21.48.22.156-1.el7.centos.x86_64 from PwC_CentOS_7_Base excluded (updateinfo)
 --> 2:texlive-collection-latex-svn25030.0-43.20130427_r30134.el7.noarch from PwC_CentOS_7_Base excluded (updateinfo)
 --> yum-plugin-post-transaction-actions-1.1.31-52.el7.noarch from PwC_CentOS_7_Base excluded (updateinfo)
 --> yum-plugin-copr-1.1.31-52.el7.noarch from PwC_CentOS_7_Base excluded (updateinfo)
 --> glib-networking-2.56.1-1.el7.x86_64 from PwC_CentOS_7_Base excluded (updateinfo)
 --> latrace-0.5.11-6.1.el7.x86_64 from PwC_CentOS_7_Base excluded (updateinfo)
 --> thai-scalable-kinnari-fonts-0.5.0-7.el7.noarch from PwC_CentOS_7_Base excluded (updateinfo)
 --> openlmi-fan-doc-0.5.0-4.el7.noarch from PwC_CentOS_7_Base excluded (updateinfo)
 --> libacl-devel-2.2.51-14.el7.i686 from PwC_CentOS_7_Base excluded (updateinfo)
 --> 2:texlive-mparhack-doc-svn15878.1.4-43.el7.noarch from PwC_CentOS_7_Base excluded (updateinfo)
 --> memkind-devel-1.7.0-1.el7.x86_64 from PwC_CentOS_7_Base excluded (updateinfo)
 --> kde-baseapps-devel-4.10.5-6.el7.i686 from PwC_CentOS_7_Base excluded (updateinfo)
 --> geronimo-osgi-support-1.0-15.el7.noarch from PwC_CentOS_7_Base excluded (updateinfo)
 --> pcre2-utf16-10.23-2.el7.i686 from PwC_CentOS_7_Base excluded (updateinfo)
 --> qt5-qtx11extras-5.9.7-1.el7.i686 from PwC_CentOS_7_Base excluded (updateinfo)
 --> libudisks2-devel-2.7.3-9.el7.i686 from PwC_CentOS_7_Base excluded (updateinfo)
 --> wavpack-4.60.1-9.el7.i686 from PwC_CentOS_7_Base excluded (updateinfo)
 --> libcurl-devel-7.29.0-54.el7.i686 from PwC_CentOS_7_Base excluded (updateinfo)
 --> openscap-devel-1.2.17-4.el7.i686 from PwC_CentOS_7_Base excluded (updateinfo)
 --> libvirt-daemon-driver-storage-gluster-4.5.0-23.el7.x86_64 from PwC_CentOS_7_Base excluded (updateinfo)
 --> maven-local-3.4.1-11.el7.noarch from PwC_CentOS_7_Base excluded (updateinfo)
 --> freeradius-python-3.0.13-10.el7_6.x86_64 from PwC_CentOS_7_Base excluded (updateinfo)
 --> tzdata-java-2019b-1.el7.noarch from PwC_CentOS_7_Base excluded (updateinfo)
 --> binutils-devel-2.27-41.base.el7.x86_64 from PwC_CentOS_7_Base excluded (updateinfo)
 --> netcf-devel-0.2.8-4.el7.i686 from PwC_CentOS_7_Base excluded (updateinfo)
 --> python-librepo-1.8.1-7.el7.x86_64 from PwC_CentOS_7_Base excluded (updateinfo)
 --> uom-parent-1.0.3-2.el7.noarch from PwC_CentOS_7_Base excluded (updateinfo)
 --> libsigc++20-2.10.0-1.el7.i686 from PwC_CentOS_7_Base excluded (updateinfo)
 --> libXft-2.3.2-2.el7.x86_64 from PwC_CentOS_7_Base excluded (updateinfo)
 --> liborcus-0.12.1-2.el7.x86_64 from PwC_CentOS_7_Base excluded (updateinfo)
 --> libcanberra-gtk3-0.30-5.el7.i686 from PwC_CentOS_7_Base excluded (updateinfo)
 --> gamin-0.1.10-16.el7.i686 from PwC_CentOS_7_Base excluded (updateinfo)
 --> pm-utils-1.4.1-27.el7.x86_64 from PwC_CentOS_7_Base excluded (updateinfo)
 --> libzapojit-devel-0.0.3-4.el7.x86_64 from PwC_CentOS_7_Base excluded (updateinfo)
 --> systemd-networkd-219-67.el7.x86_64 from PwC_CentOS_7_Base excluded (updateinfo)
 --> spice-vdagent-0.14.0-18.el7.x86_64 from PwC_CentOS_7_Base excluded (updateinfo)
 --> pygtk2-libglade-2.24.0-9.el7.x86_64 from PwC_CentOS_7_Base excluded (updateinfo)
 --> 7:cmirror-2.02.185-2.el7.x86_64 from PwC_CentOS_7_Base excluded (updateinfo)
 --> glusterfs-fuse-3.12.2-47.2.el7.x86_64 from PwC_CentOS_7_Base excluded (updateinfo)
 --> pcp-pmda-systemd-4.3.2-2.el7.x86_64 from PwC_CentOS_7_Base excluded (updateinfo)
 --> pcp-pmda-gpsd-4.3.2-2.el7.x86_64 from PwC_CentOS_7_Base excluded (updateinfo)
 --> 7:lvm2-python-libs-2.02.185-2.el7.x86_64 from PwC_CentOS_7_Base excluded (updateinfo)
 --> testng-javadoc-6.8.7-3.el7.noarch from PwC_CentOS_7_Base excluded (updateinfo)
 --> gnome-settings-daemon-3.28.1-4.el7.x86_64 from PwC_CentOS_7_Base excluded (updateinfo)
 --> evince-nautilus-3.28.2-8.el7.x86_64 from PwC_CentOS_7_Base excluded (updateinfo)
 --> openchange-client-2.3-3.el7.x86_64 from PwC_CentOS_7_Base excluded (updateinfo)
 --> im-chooser-common-1.6.4-6.el7.i686 from PwC_CentOS_7_Base excluded (updateinfo)
 --> pcp-libs-4.3.2-2.el7.i686 from PwC_CentOS_7_Base excluded (updateinfo)
 --> glusterfs-api-3.12.2-47.2.el7.x86_64 from PwC_CentOS_7_Base excluded (updateinfo)
 --> 1:tix-devel-8.4.3-12.el7.i686 from PwC_CentOS_7_Base excluded (updateinfo)
 --> libxshmfence-1.2-1.el7.i686 from PwC_CentOS_7_Base excluded (updateinfo)
 --> fence-agents-heuristics-ping-4.2.1-24.el7.x86_64 from PwC_CentOS_7_Base excluded (updateinfo)
 --> 2:texlive-xetex-doc-svn26330.0.9997.5-43.el7.noarch from PwC_CentOS_7_Base excluded (updateinfo)
 --> perl-Dist-CheckConflicts-0.06-2.el7.noarch from PwC_CentOS_7_Base excluded (updateinfo)
 --> bpg-courier-fonts-4.002-3.el7.noarch from PwC_CentOS_7_Base excluded (updateinfo)
 --> google-noto-sans-imperial-aramaic-fonts-20141117-5.el7.noarch from PwC_CentOS_7_Base excluded (updateinfo)
 --> hunspell-ht-0.06-6.el7.noarch from PwC_CentOS_7_Base excluded (updateinfo)
 --> cyrus-sasl-devel-2.1.26-23.el7.x86_64 from PwC_CentOS_7_Base excluded (updateinfo)
 --> resteasy-base-jaxrs-all-3.0.6-4.el7.noarch from PwC_CentOS_7_Base excluded (updateinfo)
 --> libbasicobjects-devel-0.1.1-32.el7.i686 from PwC_CentOS_7_Base excluded (updateinfo)
 --> sqlite-doc-3.7.17-8.el7.noarch from PwC_CentOS_7_Base excluded (updateinfo)
 --> gtkspell-devel-2.0.16-8.el7.x86_64 from PwC_CentOS_7_Base excluded (updateinfo)
 --> 2:texlive-paralist-doc-svn15878.2.3b-43.el7.noarch from PwC_CentOS_7_Base excluded (updateinfo)
 --> gupnp-igd-devel-0.2.5-2.el7.x86_64 from PwC_CentOS_7_Base excluded (updateinfo)
 --> qt3-devel-3.3.8b-51.el7.i686 from PwC_CentOS_7_Base excluded (updateinfo)
 --> hunspell-quh-0.20110816-5.el7.noarch from PwC_CentOS_7_Base excluded (updateinfo)
 --> compat-libgweather3-3.8.2-1.el7.x86_64 from PwC_CentOS_7_Base excluded (updateinfo)
 --> 2:texlive-philokalia-svn18651.1.1-43.el7.noarch from PwC_CentOS_7_Base excluded (updateinfo)
 --> softhsm-devel-2.1.0-2.el7.x86_64 from PwC_CentOS_7_Base excluded (updateinfo)
 --> oprofile-gui-0.9.9-27.el7.x86_64 from PwC_CentOS_7_Base excluded (updateinfo)
 --> gnome-terminal-3.28.2-2.el7.x86_64 from PwC_CentOS_7_Base excluded (updateinfo)
 --> sblim-sfcc-2.2.5-6.el7.i686 from PwC_CentOS_7_Base excluded (updateinfo)
 --> intel-cmt-cat-3.0.1-1.el7.i686 from PwC_CentOS_7_Base excluded (updateinfo)
 --> ibutils-devel-1.5.7-14.el7.x86_64 from PwC_CentOS_7_Base excluded (updateinfo)
 --> 2:texlive-kpathsea-lib-2012-43.20130427_r30134.el7.x86_64 from PwC_CentOS_7_Base excluded (updateinfo)
 --> 1:libreoffice-langpack-dz-5.3.6.1-21.el7.x86_64 from PwC_CentOS_7_Base excluded (updateinfo)
 --> 1:mariadb-devel-5.5.64-1.el7.x86_64 from PwC_CentOS_7_Base excluded (updateinfo)
 --> pacemaker-cts-1.1.20-5.el7.x86_64 from PwC_CentOS_7_Base excluded (updateinfo)
 --> libstoragemgmt-udev-1.7.3-3.el7.x86_64 from PwC_CentOS_7_Base excluded (updateinfo)
 --> libpmem-devel-1.5.1-2.1.el7.x86_64 from PwC_CentOS_7_Base excluded (updateinfo)
 --> libsoup-devel-2.62.2-2.el7.i686 from PwC_CentOS_7_Base excluded (updateinfo)
 --> 1:autocorr-da-5.3.6.1-21.el7.noarch from PwC_CentOS_7_Base excluded (updateinfo)
 --> maven-plugin-jxr-2.3-11.el7.noarch from PwC_CentOS_7_Base excluded (updateinfo)
 --> yum-langpacks-0.4.2-7.el7.noarch from PwC_CentOS_7_Base excluded (updateinfo)
 --> cobertura-javadoc-1.9.4.1-9.el7.noarch from PwC_CentOS_7_Base excluded (updateinfo)
 --> xml-commons-apis-javadoc-1.4.01-16.el7.noarch from PwC_CentOS_7_Base excluded (updateinfo)
 --> 2:texlive-collection-documentation-base-svn17091.0-43.20130427_r30134.el7.noarch from PwC_CentOS_7_Base excluded (updateinfo)
 --> libXfixes-devel-5.0.3-1.el7.i686 from PwC_CentOS_7_Base excluded (updateinfo)
 --> t1lib-static-5.1.2-14.el7.i686 from PwC_CentOS_7_Base excluded (updateinfo)
 --> kde-l10n-Russian-4.10.5-2.el7.noarch from PwC_CentOS_7_Base excluded (updateinfo)
 --> 2:texlive-fix2col-svn17133.0-43.el7.noarch from PwC_CentOS_7_Base excluded (updateinfo)
 --> 2:texlive-stmaryrd-svn22027.0-43.el7.noarch from PwC_CentOS_7_Base excluded (updateinfo)
 --> adwaita-icon-theme-devel-3.28.0-1.el7.noarch from PwC_CentOS_7_Base excluded (updateinfo)
 --> gc-devel-7.2d-7.el7.i686 from PwC_CentOS_7_Base excluded (updateinfo)
 --> google-noto-serif-thai-fonts-20141117-5.el7.noarch from PwC_CentOS_7_Base excluded (updateinfo)
 --> sisu-bean-locators-2.3.0-11.el7.noarch from PwC_CentOS_7_Base excluded (updateinfo)
 --> maven-plugin-tools-generators-3.1-17.el7.noarch from PwC_CentOS_7_Base excluded (updateinfo)
 --> aether-spi-1.13.1-13.el7.noarch from PwC_CentOS_7_Base excluded (updateinfo)
 --> libformula-javadoc-1.1.3-10.el7.noarch from PwC_CentOS_7_Base excluded (updateinfo)
 --> webrtc-audio-processing-devel-0.3-1.el7.x86_64 from PwC_CentOS_7_Base excluded (updateinfo)
 --> libsepol-static-2.5-10.el7.x86_64 from PwC_CentOS_7_Base excluded (updateinfo)
 --> objectweb-asm4-javadoc-4.0-3.el7.noarch from PwC_CentOS_7_Base excluded (updateinfo)
 --> dmraid-1.0.0.rc16-28.el7.i686 from PwC_CentOS_7_Base excluded (updateinfo)
 --> avahi-qt4-0.6.31-19.el7.i686 from PwC_CentOS_7_Base excluded (updateinfo)
 --> gstreamer1-1.10.4-2.el7.i686 from PwC_CentOS_7_Base excluded (updateinfo)
 --> libstaroffice-devel-0.0.4-1.el7.i686 from PwC_CentOS_7_Base excluded (updateinfo)
 --> libstdc++-4.8.5-39.el7.i686 from PwC_CentOS_7_Base excluded (updateinfo)
 --> 2:texlive-currfile-svn29012.0.7b-43.el7.noarch from PwC_CentOS_7_Base excluded (updateinfo)
 --> gnutls-3.3.29-9.el7_6.i686 from PwC_CentOS_7_Base excluded (updateinfo)
 --> libibumad-22.1-3.el7.x86_64 from PwC_CentOS_7_Base excluded (updateinfo)
 --> 2:texlive-etoolbox-svn20922.2.1-43.el7.noarch from PwC_CentOS_7_Base excluded (updateinfo)
 --> gstreamer-plugins-base-devel-0.10.36-10.el7.x86_64 from PwC_CentOS_7_Base excluded (updateinfo)
 --> 2:texlive-preprint-svn16085.0-43.el7.noarch from PwC_CentOS_7_Base excluded (updateinfo)
 --> gssdp-devel-1.0.2-1.el7.i686 from PwC_CentOS_7_Base excluded (updateinfo)
 --> sisu-osgi-registry-2.3.0-11.el7.noarch from PwC_CentOS_7_Base excluded (updateinfo)
 --> python-slip-gtk-0.4.0-4.el7.noarch from PwC_CentOS_7_Base excluded (updateinfo)
 --> postgresql-static-9.2.24-1.el7_5.x86_64 from PwC_CentOS_7_Base excluded (updateinfo)
 --> 1:perl-IPC-Cmd-0.80-4.el7.noarch from PwC_CentOS_7_Base excluded (updateinfo)
 --> maven-jarsigner-plugin-1.2-9.el7.noarch from PwC_CentOS_7_Base excluded (updateinfo)
 --> fftw-static-3.3.3-8.el7.i686 from PwC_CentOS_7_Base excluded (updateinfo)
 --> evolution-langpacks-3.28.5-5.el7.noarch from PwC_CentOS_7_Base excluded (updateinfo)
 --> libgs-devel-9.25-2.el7.x86_64 from PwC_CentOS_7_Base excluded (updateinfo)
 --> kinfocenter-4.11.19-13.el7.x86_64 from PwC_CentOS_7_Base excluded (updateinfo)
 --> libjpeg-turbo-1.2.90-8.el7.x86_64 from PwC_CentOS_7_Base excluded (updateinfo)
 --> policycoreutils-sandbox-2.5-33.el7.x86_64 from PwC_CentOS_7_Base excluded (updateinfo)
 --> python-ipaddr-2.1.11-2.el7.noarch from PwC_CentOS_7_Base excluded (updateinfo)
 --> ima-evm-utils-1.1-3.el7.i686 from PwC_CentOS_7_Base excluded (updateinfo)
 --> openmpi-devel-1.10.7-5.el7.i686 from PwC_CentOS_7_Base excluded (updateinfo)
 --> elfutils-libelf-devel-static-0.176-2.el7.i686 from PwC_CentOS_7_Base excluded (updateinfo)
 --> libteam-1.27-9.el7.i686 from PwC_CentOS_7_Base excluded (updateinfo)
 --> samba-winbind-4.9.1-6.el7.x86_64 from PwC_CentOS_7_Base excluded (updateinfo)
 --> exempi-devel-2.2.0-9.el7.i686 from PwC_CentOS_7_Base excluded (updateinfo)
 --> 6:kdelibs-devel-4.14.8-10.el7.x86_64 from PwC_CentOS_7_Base excluded (updateinfo)
 --> rsyslog-mmnormalize-8.24.0-38.el7.x86_64 from PwC_CentOS_7_Base excluded (updateinfo)
 --> libwpd-devel-0.10.0-2.el7.x86_64 from PwC_CentOS_7_Base excluded (updateinfo)
 --> antlr-C++-2.7.7-30.el7.x86_64 from PwC_CentOS_7_Base excluded (updateinfo)
 --> google-noto-sans-malayalam-fonts-20141117-5.el7.noarch from PwC_CentOS_7_Base excluded (updateinfo)
 --> ElectricFence-2.2.2-39.el7.x86_64 from PwC_CentOS_7_Base excluded (updateinfo)
 --> redhat-lsb-trialuse-4.1-27.el7.centos.1.x86_64 from PwC_CentOS_7_Base excluded (updateinfo)
 --> sblim-wbemcli-1.6.2-11.el7.x86_64 from PwC_CentOS_7_Base excluded (updateinfo)
 --> sblim-cmpi-nfsv4-1.1.0-10.el7.x86_64 from PwC_CentOS_7_Base excluded (updateinfo)
 --> libgnome-2.32.1-9.el7.x86_64 from PwC_CentOS_7_Base excluded (updateinfo)
 --> subversion-tools-1.7.14-14.el7.x86_64 from PwC_CentOS_7_Base excluded (updateinfo)
 --> 1:libreoffice-langpack-pt-BR-5.3.6.1-21.el7.x86_64 from PwC_CentOS_7_Base excluded (updateinfo)
 --> hyphen-ku-1.71.2-6.el7.noarch from PwC_CentOS_7_Base excluded (updateinfo)
 --> boost-graph-openmpi-1.53.0-27.el7.i686 from PwC_CentOS_7_Base excluded (updateinfo)
 --> 1:libreoffice-help-ca-5.3.6.1-21.el7.x86_64 from PwC_CentOS_7_Base excluded (updateinfo)
 --> qt5-qtsensors-devel-5.9.7-1.el7.x86_64 from PwC_CentOS_7_Base excluded (updateinfo)
 --> tigervnc-icons-1.8.0-17.el7.noarch from PwC_CentOS_7_Base excluded (updateinfo)
 --> irssi-devel-0.8.15-16.el7.x86_64 from PwC_CentOS_7_Base excluded (updateinfo)
 --> libpst-python-0.6.59-4.el7.x86_64 from PwC_CentOS_7_Base excluded (updateinfo)
 --> fontforge-devel-20120731b-12.el7.i686 from PwC_CentOS_7_Base excluded (updateinfo)
 --> 1:libglvnd-1.0.1-0.8.git5baa1e5.el7.i686 from PwC_CentOS_7_Base excluded (updateinfo)
 --> libserializer-1.1.2-10.el7.noarch from PwC_CentOS_7_Base excluded (updateinfo)
 --> subversion-libs-1.7.14-14.el7.i686 from PwC_CentOS_7_Base excluded (updateinfo)
 --> cyrus-sasl-gs2-2.1.26-23.el7.i686 from PwC_CentOS_7_Base excluded (updateinfo)
 --> tex-fonts-hebrew-0.1-21.el7.noarch from PwC_CentOS_7_Base excluded (updateinfo)
 --> hunspell-mr-20060920-15.el7.noarch from PwC_CentOS_7_Base excluded (updateinfo)
 --> hunspell-nl-2.10-5.el7.noarch from PwC_CentOS_7_Base excluded (updateinfo)
 --> pcp-import-mrtg2pcp-4.3.2-2.el7.x86_64 from PwC_CentOS_7_Base excluded (updateinfo)
 --> qt5-qtscript-5.9.7-1.el7.i686 from PwC_CentOS_7_Base excluded (updateinfo)
 --> sssd-polkit-rules-1.16.4-21.el7.x86_64 from PwC_CentOS_7_Base excluded (updateinfo)
 --> libitm-4.8.5-39.el7.i686 from PwC_CentOS_7_Base excluded (updateinfo)
 --> ima-evm-utils-devel-1.1-3.el7.x86_64 from PwC_CentOS_7_Base excluded (updateinfo)
 --> google-noto-sans-brahmi-fonts-20141117-5.el7.noarch from PwC_CentOS_7_Base excluded (updateinfo)
 --> pcp-pmda-netfilter-4.3.2-2.el7.x86_64 from PwC_CentOS_7_Base excluded (updateinfo)
 --> python-sphinx-doc-1.1.3-11.el7.noarch from PwC_CentOS_7_Base excluded (updateinfo)
 --> libssh2-devel-1.8.0-3.el7.x86_64 from PwC_CentOS_7_Base excluded (updateinfo)
 --> mesa-libgbm-18.3.4-5.el7.i686 from PwC_CentOS_7_Base excluded (updateinfo)
 --> openjpeg2-2.3.1-1.el7.x86_64 from PwC_CentOS_7_Base excluded (updateinfo)
 --> oscap-anaconda-addon-0.9-3.el7.centos.noarch from PwC_CentOS_7_Base excluded (updateinfo)
 --> parfait-examples-0.5.4-2.el7.noarch from PwC_CentOS_7_Base excluded (updateinfo)
 --> kaccessible-libs-4.10.5-3.el7.i686 from PwC_CentOS_7_Base excluded (updateinfo)
 --> perl-DBD-SQLite-1.39-3.el7.x86_64 from PwC_CentOS_7_Base excluded (updateinfo)
 --> cim-schema-docs-2.33.0-6.el7.noarch from PwC_CentOS_7_Base excluded (updateinfo)
 --> protobuf-vim-2.5.0-8.el7.x86_64 from PwC_CentOS_7_Base excluded (updateinfo)
 --> libiodbc-3.52.7-7.el7.i686 from PwC_CentOS_7_Base excluded (updateinfo)
 --> 1:k3b-libs-2.0.2-17.el7.i686 from PwC_CentOS_7_Base excluded (updateinfo)
 --> libv4l-devel-0.9.5-4.el7.i686 from PwC_CentOS_7_Base excluded (updateinfo)
 --> mvapich2-2.2-2.2-4.el7.i686 from PwC_CentOS_7_Base excluded (updateinfo)
 --> libvirt-glib-devel-1.0.0-1.el7.i686 from PwC_CentOS_7_Base excluded (updateinfo)
 --> recode-3.6-38.el7.i686 from PwC_CentOS_7_Base excluded (updateinfo)
 --> 2:texlive-mdwtools-svn15878.1.05.4-43.el7.noarch from PwC_CentOS_7_Base excluded (updateinfo)
 --> iso-codes-3.46-2.el7.noarch from PwC_CentOS_7_Base excluded (updateinfo)
 --> boost-mpich-devel-1.53.0-27.el7.i686 from PwC_CentOS_7_Base excluded (updateinfo)
 --> libXtst-devel-1.2.3-1.el7.i686 from PwC_CentOS_7_Base excluded (updateinfo)
 --> maven-doxia-module-apt-1.4-5.el7.noarch from PwC_CentOS_7_Base excluded (updateinfo)
 --> boost-system-1.53.0-27.el7.i686 from PwC_CentOS_7_Base excluded (updateinfo)
 --> 2:texlive-xetex-pstricks-svn17055.0-43.el7.noarch from PwC_CentOS_7_Base excluded (updateinfo)
 --> 1:liberation-fonts-common-1.07.2-16.el7.noarch from PwC_CentOS_7_Base excluded (updateinfo)
 --> gstreamer1-plugins-base-devel-1.10.4-2.el7.i686 from PwC_CentOS_7_Base excluded (updateinfo)
 --> apr-util-sqlite-1.5.2-6.el7.x86_64 from PwC_CentOS_7_Base excluded (updateinfo)
 --> system-config-language-1.4.0-9.el7.noarch from PwC_CentOS_7_Base excluded (updateinfo)
 --> libcap-ng-0.7.5-4.el7.i686 from PwC_CentOS_7_Base excluded (updateinfo)
 --> xdg-desktop-portal-1.0.2-1.el7.x86_64 from PwC_CentOS_7_Base excluded (updateinfo)
 --> lksctp-tools-1.0.17-2.el7.x86_64 from PwC_CentOS_7_Base excluded (updateinfo)
 --> glew-devel-1.10.0-5.el7.i686 from PwC_CentOS_7_Base excluded (updateinfo)
 --> xml-commons-apis12-1.2.04-10.el7.noarch from PwC_CentOS_7_Base excluded (updateinfo)
 --> 2:texlive-subfig-doc-svn15878.1.3-43.el7.noarch from PwC_CentOS_7_Base excluded (updateinfo)
 --> maven-install-plugin-2.4-7.el7.noarch from PwC_CentOS_7_Base excluded (updateinfo)
 --> totem-pl-parser-devel-3.26.1-1.el7.x86_64 from PwC_CentOS_7_Base excluded (updateinfo)
 --> pangomm-devel-2.40.1-1.el7.x86_64 from PwC_CentOS_7_Base excluded (updateinfo)
 --> 2:postfix-sysvinit-2.10.1-7.el7.noarch from PwC_CentOS_7_Base excluded (updateinfo)
 --> libiec61883-1.2.0-10.el7.i686 from PwC_CentOS_7_Base excluded (updateinfo)
 --> konkretcmpi-devel-0.9.1-5.el7.i686 from PwC_CentOS_7_Base excluded (updateinfo)
 --> 2:nmap-6.40-19.el7.x86_64 from PwC_CentOS_7_Base excluded (updateinfo)
 --> blktrace-1.0.5-9.el7.x86_64 from PwC_CentOS_7_Base excluded (updateinfo)
 --> uuidd-2.23.2-61.el7.x86_64 from PwC_CentOS_7_Base excluded (updateinfo)
 --> libquadmath-static-4.8.5-39.el7.x86_64 from PwC_CentOS_7_Base excluded (updateinfo)
 --> perl-CPAN-1.9800-294.el7_6.noarch from PwC_CentOS_7_Base excluded (updateinfo)
 --> gcc-plugin-devel-4.8.5-39.el7.x86_64 from PwC_CentOS_7_Base excluded (updateinfo)
 --> compat-libgfortran-41-4.1.2-45.el7.x86_64 from PwC_CentOS_7_Base excluded (updateinfo)
 --> libcryptui-3.12.2-1.el7.x86_64 from PwC_CentOS_7_Base excluded (updateinfo)
 --> python-cpio-0.1-16.el7.noarch from PwC_CentOS_7_Base excluded (updateinfo)
 --> bpg-nateli-caps-fonts-2.003-3.el7.noarch from PwC_CentOS_7_Base excluded (updateinfo)
 --> maven-shade-plugin-2.0-6.el7.noarch from PwC_CentOS_7_Base excluded (updateinfo)
 --> openlmi-python-base-0.5.0-4.el7.noarch from PwC_CentOS_7_Base excluded (updateinfo)
 --> rpm-plugin-systemd-inhibit-4.11.3-40.el7.x86_64 from PwC_CentOS_7_Base excluded (updateinfo)
 --> perl-autodie-2.16-2.el7.noarch from PwC_CentOS_7_Base excluded (updateinfo)
 --> hunspell-de-0.20120607-4.el7.noarch from PwC_CentOS_7_Base excluded (updateinfo)
 --> mod_auth_mellon-diagnostics-0.14.0-2.el7_6.4.x86_64 from PwC_CentOS_7_Base excluded (updateinfo)
 --> OpenIPMI-devel-2.0.27-1.el7.x86_64 from PwC_CentOS_7_Base excluded (updateinfo)
 --> mesa-libGL-devel-18.3.4-5.el7.i686 from PwC_CentOS_7_Base excluded (updateinfo)
 --> maven-hawtjni-plugin-1.6-10.el7.noarch from PwC_CentOS_7_Base excluded (updateinfo)
 --> postgresql-devel-9.2.24-1.el7_5.x86_64 from PwC_CentOS_7_Base excluded (updateinfo)
 --> tomcatjss-7.2.1-8.el7_6.noarch from PwC_CentOS_7_Base excluded (updateinfo)
 --> lldpad-devel-1.0.1-5.git036e314.el7.x86_64 from PwC_CentOS_7_Base excluded (updateinfo)
 --> 1:NetworkManager-libnm-devel-1.18.0-5.el7.x86_64 from PwC_CentOS_7_Base excluded (updateinfo)
 --> yum-plugin-pre-transaction-actions-1.1.31-52.el7.noarch from PwC_CentOS_7_Base excluded (updateinfo)
 --> xorg-x11-drv-openchrome-0.5.0-3.el7.1.i686 from PwC_CentOS_7_Base excluded (updateinfo)
 --> quagga-devel-0.99.22.4-5.el7_4.i686 from PwC_CentOS_7_Base excluded (updateinfo)
 --> 1:java-1.8.0-openjdk-devel-debug-1.8.0.222.b03-1.el7.x86_64 from PwC_CentOS_7_Base excluded (updateinfo)
 --> libbonobo-2.32.1-7.el7.x86_64 from PwC_CentOS_7_Base excluded (updateinfo)
 --> hamcrest-javadoc-1.3-6.el7.noarch from PwC_CentOS_7_Base excluded (updateinfo)
 --> asciidoc-8.6.8-5.el7.noarch from PwC_CentOS_7_Base excluded (updateinfo)
 --> totem-pl-parser-devel-3.26.1-1.el7.i686 from PwC_CentOS_7_Base excluded (updateinfo)
 --> apache-commons-daemon-javadoc-1.0.13-7.el7.noarch from PwC_CentOS_7_Base excluded (updateinfo)
 --> kde-l10n-Bosnian-4.10.5-2.el7.noarch from PwC_CentOS_7_Base excluded (updateinfo)
 --> atlas-static-3.10.1-12.el7.x86_64 from PwC_CentOS_7_Base excluded (updateinfo)
 --> python-gobject-3.22.0-1.el7_4.1.x86_64 from PwC_CentOS_7_Base excluded (updateinfo)
 --> cloud-init-18.5-3.el7.centos.x86_64 from PwC_CentOS_7_Base excluded (updateinfo)
 --> qt5-qtxmlpatterns-5.9.7-1.el7.x86_64 from PwC_CentOS_7_Base excluded (updateinfo)
 --> abrt-libs-2.1.11-55.el7.centos.x86_64 from PwC_CentOS_7_Base excluded (updateinfo)
 --> 1:openssl-libs-1.0.2k-19.el7.i686 from PwC_CentOS_7_Base excluded (updateinfo)
 --> bluez-5.44-5.el7.x86_64 from PwC_CentOS_7_Base excluded (updateinfo)
 --> m17n-db-1.6.4-4.el7.noarch from PwC_CentOS_7_Base excluded (updateinfo)
 --> evolution-mapi-3.28.3-2.el7.i686 from PwC_CentOS_7_Base excluded (updateinfo)
 --> 1:hunspell-sk-0.20110228-5.el7.noarch from PwC_CentOS_7_Base excluded (updateinfo)
 --> geronimo-jms-1.1.1-19.el7.noarch from PwC_CentOS_7_Base excluded (updateinfo)
 --> p11-kit-devel-0.23.5-3.el7.x86_64 from PwC_CentOS_7_Base excluded (updateinfo)
 --> jsoup-1.6.1-10.el7.noarch from PwC_CentOS_7_Base excluded (updateinfo)
 --> 2:phonon-backend-gstreamer-4.6.3-3.el7.x86_64 from PwC_CentOS_7_Base excluded (updateinfo)
 --> 1:compat-glibc-headers-2.12-4.el7.centos.x86_64 from PwC_CentOS_7_Base excluded (updateinfo)
 --> ant-1.9.4-2.el7.noarch from PwC_CentOS_7_Base excluded (updateinfo)
 --> jboss-servlet-3.0-api-1.0.1-9.el7.noarch from PwC_CentOS_7_Base excluded (updateinfo)
 --> libgnome-devel-2.32.1-9.el7.i686 from PwC_CentOS_7_Base excluded (updateinfo)
 --> gstreamer-python-devel-0.10.22-6.el7.i686 from PwC_CentOS_7_Base excluded (updateinfo)
 --> 1